2025-10-02 14:41:53, MOVE, v:1, k:animal, mode:PICK
2025-10-02 14:41:54, EXEC, v:1, k:animal, mode:FREE
2025-10-02 14:44:51, MOVE, v:1, k:animal, mode:BACK
2025-10-02 14:44:51, MOVE, v:1, k:animal, mode:PICK
2025-10-02 15:02:40, MOVE, v:1, k:carro, mode:PICK
2025-10-02 15:02:41, EXEC, v:1, k:carro, mode:FREE, size:26
2025-10-02 15:06:57, EXEC, v:1, k:carro, mode:FREE, size:30
2025-10-02 15:24:59, MOVE, v:1, k:carro, mode:PICK
2025-10-02 15:25:01, EXEC, v:1, k:carro, mode:FREE, size:27
2025-10-02 16:21:19, EXEC, v:1, k:carro, mode:FULL, rate:30, size:49
2025-10-02 16:21:43, EXEC, v:1, k:carro, mode:FULL, rate:30, size:49
2025-10-02 16:21:56, EXEC, v:1, k:carro, mode:FULL, rate:30, size:49
2025-10-02 16:22:04, EXEC, v:1, k:carro, mode:FULL, rate:50, size:49
2025-10-02 16:23:26, EXEC, v:1, k:carro, mode:FULL, rate:50, size:49
2025-10-02 16:23:55, EXEC, v:1, k:carro, mode:FULL, rate:60, size:49
2025-10-02 17:40:28, MOVE, v:1, k:carro, mode:PICK
2025-10-02 17:40:30, EXEC, v:1, k:carro, mode:FREE, size:60
2025-10-02 17:49:08, EXEC, v:1, k:carro, mode:FULL, rate:60, size:63
2025-10-02 17:49:27, EXEC, v:1, k:carro, mode:FULL, rate:60, size:63
2025-10-02 17:49:53, EXEC, v:1, k:carro, mode:FULL, rate:60
2025-10-02 17:50:15, EXEC, v:1, k:carro, mode:FULL, rate:80, size:63
2025-10-02 17:50:26, EXEC, v:1, k:carro, mode:FULL, rate:80, size:63
2025-10-02 17:50:42, EXEC, v:1, k:carro, mode:FULL, rate:100, size:63
2025-10-02 17:56:12, MOVE, v:1, k:calculadora, mode:DOWN
